1 549620
2 557236
3 428533
4 950528
5 876849
6 841188
7 333898
8 382049
9 934115
10 766329
11 556042
12 359938
13 980747
14 294045
15 406311
16 713458
17 215748
18 76268
19 353435
20 979344
21 717312
22 863885
23 699617
24 84882
25 701896
26 170624
27 917262
28 312333
29 66314
30 274469
31 235731
32 21259
33 890828
34 756736
35 453507
36 218952
37 213270
38 768314
39 806005
40 950616
41 908547
42 381399
43 966807
44 697315
45 633809
46 538016
47 434890
48 74004
49 225092
50 478159
51 363413
52 445493
53 610004
54 327169
55 295177
56 81201
57 657862
58 512338
59 867330
60 365873
61 82065
62 709247
63 389503
64 27587
65 851644
66 339594
67 861468
68 107526
69 758707
70 978558
71 734437
72 526029
73 282398
74 70695
75 821352
76 984708
77 610059
78 300992
79 39354
80 819303
81 904759
82 306822
83 466758
84 384772
85 741586
86 196922
87 224380
88 84161
89 201641
90 325066
91 991860
92 232298
93 141573
94 391051
95 991694
96 935343
97 338118
98 438853
99 816664
100 403419
101 37791
102 443522
103 306674
104 767538
105 264861
106 407999
107 977435
108 604990
109 584278
110 844341
111 688159
112 795452
113 60577
114 228035
115 710762
116 204233
117 692190
118 272003
119 78009
120 390409
121 788837
122 447596
123 995804
124 992832
125 841919
126 674915
127 159321
128 316789
129 689833
130 42837
131 342100
132 806035
133 555559
134 820447
135 710379
136 337623
137 355408
138 961959
139 450438
140 90514
141 196842
142 420860
143 450165
144 660296
145 792615
146 689350
147 786787
148 470048
149 953212
150 560674
151 322976
152 231569
153 295691
154 530784
155 77349
156 804315
157 473908
158 785946
159 333716
160 79103
161 230073
162 479866
163 672157
164 723836
165 344861
166 170688
167 751300
168 689840
169 238784
170 422987
171 112153
172 311926
173 856064
174 71800
175 701286
176 557806
177 924076
178 598106
179 545807
180 293892
181 453223
182 706743
183 869411
184 895668
185 417464
186 674457
187 808723
188 118488
189 660072
190 297336
191 125763
192 390620
193 971186
194 224434
195 741160
196 595630
197 691198
198 925364
199 537515
200 719223
201 153860
202 450928
203 844875
204 645858
205 534471
206 922623
207 786331
208 882842
209 302747
210 31347
211 245026
212 400695
213 736898
214 672905
215 614854
216 623445
217 755174
218 800209
219 948851
220 268033
221 209848
222 768714
223 678757
224 360468
225 755584
226 68675
227 619951
228 674251
229 655057
230 483196
231 654455
232 219956
233 435923
234 242475
235 737007
236 108237
237 77117
238 225634
239 978150
240 185209
241 991162
242 921424
243 44563
244 663879
245 226574
246 697061
247 444000
248 923523
249 885470
250 15098
251 274503
252 486986
253 766093
254 405639
255 551399
256 977892
257 324393
258 701926
259 135385
260 244465
261 331793
262 653462
263 696011
264 460531
265 430966
266 105287
267 388580
268 303599
269 461685
270 607165
271 767700
272 32741
273 355340
274 349205
275 858970
276 293377
277 760087
278 996091
279 321430
280 496005
281 537418
282 326246
283 816010
284 179730
285 611567
286 368333
287 672914
288 630263
289 937091
290 382139
291 83908
292 633245
293 525004
294 47669
295 355144
296 249863
297 686777
298 902289
299 835085
300 294789
301 675801
302 485024
303 46140
304 127218
305 161180
306 441298
307 86286
308 680776
309 317739
310 563178
311 506145
312 681642
313 836548
314 668262
315 789648
317 827485
318 216364
319 705960
320 356632
321 718359
322 582953
323 163120
324 429907
325 238940
326 706619
327 633882
328 510180
329 861139
330 790590
331 622217
332 82534
333 767444
334 333867
335 324179
336 944704
337 357378
338 205489
339 177285
340 261914
341 269828
342 871786
343 993067
344 228684
345 68278
346 485290
347 861230
348 486154
349 545678
350 799946
351 961243
352 313380
353 699109
354 629479
355 474524
356 176651
357 362665
358 137307
359 49608
360 84083
361 853291
362 571484
363 423834
364 701178
365 56163
366 336799
367 861095
368 930086
369 182811
370 364594
371 633279
372 449105
373 489091
374 670622
375 249256
376 535644
377 102332
378 892064
379 110379
380 530786
381 497269
382 403430
383 188161
384 934128
385 368217
386 905272
387 89172
388 984723
389 883005
390 134575
391 16753
392 620196
393 201375
394 930859
395 835672
396 787162
397 397344
398 127614
399 707755
400 690955
401 361469
402 809411
403 997685
404 775786
405 203083
406 466864
407 841619
408 806845
409 867760
410 810608
411 321031
412 863536
413 581117
414 39716
415 705316
416 636820
417 197149
418 478303
419 117703
420 237343
421 754147
422 954934
423 425345
424 658264
425 275709
426 288054
427 378847
428 417375
429 801508
430 554408
431 289110
432 801792
433 603214
434 179031
435 357093
436 759364
437 253266
438 160492
439 133997
440 265185
441 109470
442 808930
443 292677
444 984781
445 604296
446 799233
447 577074
448 839645
449 788529
450 984201
451 806673
452 21593
453 741554
454 456508
455 209784
456 570646
457 769847
458 167466
459 469359
460 309512
461 399710
462 456205
463 843243
464 878934
465 134544
466 627311
467 434286
468 187137
469 58777
470 834410
471 953694
472 511477
473 340159
474 763712
475 368606
476 361420
477 597906
478 366048
479 356209
480 928139
481 643400
482 713091
483 183432
484 135445
485 232050
486 946326
487 525841
488 133889
489 697735
490 253819
491 592184
492 310352
493 488961
494 502517
495 458907
496 807255
497 293176
498 707391
499 349934
500 429329
501 598635
502 363761
503 602200
504 803763
505 791857
506 739282
507 844534
508 733191
509 256488
510 721459
511 539531
512 744828
513 346255
514 44906
515 615870
516 241797
517 307970
518 694513
519 25855
520 674739
521 150166
522 30927
523 58019
524 334003
525 886315
526 127989
527 261891
528 462265
529 570358
530 252433
531 575100
532 727035
533 659761
534 136466
535 250529
536 329391
537 856144
538 512397
539 67137
540 932210
541 913163
542 521252
543 16717
544 287744
545 300867
546 827118
547 245216
548 66462
549 411330
550 497006
551 873241
552 826301
553 917269
554 432194
555 659992
556 365071
557 153021
558 869918
559 966944
560 477697
561 75491
562 984990
563 897213
564 403979
565 508099
566 261800
567 583614
568 295961
569 527940
570 932463
571 347371
572 965613
573 805493
574 270985
575 312399
576 481923
577 226397
578 605066
579 293638
580 916454
581 409490
582 826430
583 603238
584 534296
585 267806
586 801586
587 401497
588 550190
589 676914
590 895292
591 749484
592 149658
593 47458
594 283574
595 49484
596 852824
597 68080
598 372474
599 762356
600 401711
601 449949
602 770844
603 629630
604 117026
605 467005
606 377266
607 671908
608 376590
609 607770
610 51299
611 814296
612 688526
613 529655
614 559606
615 469281
616 261814
617 844678
618 953900
619 846732
620 609221
621 726162
622 717772
623 825926
624 767379
625 449170
626 169166
627 246911
628 268049
629 327947
630 739683
631 127098
632 748565
633 293544
634 392024
635 509813
636 303960
638 474656
639 184479
640 864263
641 217102
642 397134
643 913273
644 780817
645 833415
646 787943
647 347171
648 307805
649 835631
650 309877
651 943060
652 381260
653 289062
654 217960
655 447884
656 600507
657 862202
658 887426
659 405302
660 531401
661 190027
662 604356
663 378608
664 237140
665 112291
666 122603
667 349039
668 456179
669 476623
670 231842
671 749704
672 461190
673 387643
674 115797
675 589068
676 848212
677 573644
678 437098
679 388858
680 862834
681 37546
682 567572
683 63441
684 858178
685 353315
686 993179
687 135753
688 768374
689 921879
690 857522
691 169669
692 98078
693 375378
694 30207
695 682523
696 100001
697 396415
698 250770
700 553978
701 361260
702 553725
703 484473
704 930666
705 884106
706 687422
707 59386
708 467384
709 972413
710 240458
711 668100
712 509767
713 87721
714 876559
715 269964
716 760720
717 784457
718 498887
719 789191
720 653108
721 155939
722 236747
723 139677
724 794465
725 594539
726 54405
727 893724
728 876506
730 714613
731 125095
732 471434
733 548507
734 153848
735 161876
736 293790
737 657159
738 272385
739 58285
740 557127
741 235645
742 456004
743 515211
745 69662
746 615001
747 544320
748 17846
749 235377
750 956582
751 865809
752 803579
753 66320
754 285648
755 812091
756 122586
757 813802
758 154447
759 37047
760 451427
761 443289
762 233663
763 280296
764 920658
765 555223
766 297857
767 156224
768 970683
769 740877
771 312401
772 76549
773 577993
774 706476
775 36978
776 623518
777 119399
778 687183
779 355054
780 266006
781 903480
782 412859
784 20558
785 769812
786 618917
787 276715
788 418694
789 501537
790 151921
791 448393
792 87682
793 142225
794 868062
