1 761078
2 753561
3 502605
4 943717
5 577750
6 656567
7 526282
8 144688
9 665917
10 543266
11 849155
12 847228
13 808564
14 253068
15 332647
16 317049
17 225832
18 300568
19 866879
20 973562
21 110133
22 659384
23 862127
24 667460
25 167175
26 194196
27 654244
28 62954
29 530404
30 186644
31 284884
32 499919
33 557770
34 203618
35 86483
36 845929
37 161603
38 436217
39 338533
40 211787
41 173795
42 92012
43 13010
44 229597
45 114861
46 557021
47 524410
48 833835
49 650768
50 121093
51 963869
52 18743
53 223634
54 424142
55 392923
56 599897
57 328783
58 441970
59 571118
60 834275
61 698085
62 281845
63 540379
