1 712448
2 627013
3 421891
4 707115
5 772059
6 467056
7 855089
8 438523
9 645947
10 725568
11 505926
12 359334
13 255869
14 942374
15 42083
16 26901
17 64607
18 851439
19 733765
20 180534
21 928960
22 884055
23 593553
24 380523
25 32561
26 588468
27 183047
28 642099
29 216009
30 620492
31 118445
32 477512
33 844120
34 363579
35 460017
36 206157
37 712398
38 811318
39 270777
40 814225
41 629112
42 513938
43 937723
44 215023
45 331815
46 945644
47 577446
48 730690
49 227001
50 118900
51 864788
52 902408
53 188753
54 795207
55 462283
56 241865
57 572177
58 983516
59 699542
60 98093
61 527518
62 914359
63 931723
65 924275
66 33427
67 927945
68 65308
69 664285
70 11124
71 134737
72 774992
73 889289
74 979479
75 482242
76 808044
77 437668
78 321740
79 594745
80 726484
81 947008
82 704959
84 731543
