1 417351
2 504592
3 512983
4 333729
5 78974
6 193523
7 765722
8 682479
9 140040
10 992588
11 931352
12 117064
13 251474
14 202624
15 968782
16 913360
17 785603
18 743000
19 666073
20 265374
21 185662
22 837255
23 504181
24 870349
25 163037
26 208422
27 399452
28 918221
29 994908
30 52880
31 261874
32 588139
33 910815
34 767564
35 973249
36 50266
37 667656
38 100250
39 447831
40 371797
41 101264
42 931240
43 291201
44 774759
45 633486
46 94835
47 408626
48 469544
49 705015
50 154759
51 253206
52 511954
53 958843
54 833782
55 824316
56 838852
57 788174
58 373961
59 841919
60 740219
61 480391
62 506213
63 410878
64 822722
67 649344
68 620984
69 624955
70 869590
71 573041
72 32217
73 949217
74 360555
75 413188
76 943670
77 229981
78 158633
79 689631
80 407349
81 928123
82 965859
83 367694
84 603966
85 260235
86 773915
87 457495
88 969481
89 266857
90 23017
91 683866
92 927641
93 527092
94 222102
95 125518
96 591325
97 125937
98 117924
99 411586
100 92083
101 561869
102 959734
103 912074
104 879197
105 616806
106 86785
107 240451
108 941969
109 621701
110 196301
111 137453
112 466969
113 299378
114 423349
115 493771
116 315382
117 249398
118 566839
119 276273
120 267699
121 671918
122 135874
123 146648
124 717570
125 563242
127 91699
128 964279
129 464813
130 291281
131 995960
132 322196
133 391866
134 239347
135 185930
136 61765
137 266981
138 983065
139 289333
141 81604
142 457787
143 279338
144 149427
145 975896
146 441665
147 321150
148 738978
149 737346
150 35467
151 238889
152 641698
153 754889
154 207072
155 921782
156 493588
157 662801
158 32056
159 927441
160 440377
161 444104
162 873814
163 698454
164 641214
165 418605
166 476034
167 761916
