1 695090
2 320203
3 666369
4 996939
5 649814
6 854068
7 98585
8 729912
9 934854
10 41687
11 47928
12 70414
13 666220
14 372702
15 415256
16 606615
17 398715
18 789878
19 577066
20 170353
21 580063
22 526667
23 304347
24 287888
25 660922
26 165133
27 496200
28 20385
29 651455
30 93520
31 276466
32 61001
33 554809
34 536833
35 831939
36 740493
37 509614
38 773374
39 147736
40 133716
41 439408
42 575987
43 192887
44 550615
45 700780
46 132702
47 901203
48 154803
49 527503
50 12638
51 353434
52 582861
53 776784
54 722690
55 698707
56 855807
57 663727
58 407215
59 298884
60 145303
61 877780
62 304393
63 748033
64 713566
65 162396
66 768363
67 128879
68 415087
69 679153
70 387863
71 419793
72 835079
73 342618
74 804092
75 231457
76 409812
77 923247
78 247290
79 79549
80 410797
81 508367
82 383661
83 326759
84 996050
85 155509
86 790162
87 122244
88 304753
89 956093
90 629991
91 764456
92 655858
93 376741
94 348424
95 145311
96 680402
97 76290
98 353598
99 135896
100 730277
101 442025
102 210072
103 968304
104 262495
105 300741
106 283817
107 489320
108 632231
109 803199
110 561080
111 260077
112 940060
113 326837
114 524350
115 907336
116 821900
117 474843
118 491939
119 868431
120 752582
121 893032
122 132725
123 312117
124 531534
125 358814
126 418600
127 576680
128 520400
129 772836
130 579263
131 81095
132 197310
133 821258
134 663495
135 887764
136 781425
137 800667
138 934237
139 420738
140 798117
141 646108
142 482977
143 996254
144 974604
145 213174
146 688985
147 936206
148 790107
149 754218
150 733621
151 629291
152 231717
153 640756
154 89602
155 729469
156 262431
157 881072
158 872323
159 270108
160 691884
161 35051
162 163691
163 266266
164 189943
165 592216
166 754181
167 700624
168 163138
169 476660
170 191819
171 654664
172 992327
173 52737
174 417864
175 609854
176 95295
177 379623
178 686420
179 262523
180 880679
181 420393
182 674802
183 276290
184 130328
185 876507
186 949172
187 406221
188 915761
189 404552
190 987941
191 658408
192 371432
193 974973
194 197719
195 336786
196 29211
197 722638
198 926842
199 573263
200 665086
201 402112
202 131283
203 538401
204 723356
205 830513
206 679991
207 855536
208 135484
209 542144
210 259700
211 253574
212 904067
213 926482
214 755022
215 831780
216 433917
217 695575
218 766781
219 111008
220 559893
221 489156
222 844870
223 216887
224 564560
225 480171
226 867858
227 689933
228 711856
229 793413
231 137771
232 496697
233 646774
234 721895
235 883105
236 987714
237 787781
238 470332
239 878544
240 442592
241 847928
242 142437
243 332750
244 609957
245 385274
246 387694
247 782717
248 283240
249 149205
250 633371
251 519938
252 228836
253 650957
254 88437
255 68325
256 510763
257 184160
258 44150
259 574713
260 930049
261 517620
262 638514
263 519221
264 510746
265 623394
266 549007
267 114776
268 106933
269 992030
270 665135
271 450084
272 362005
273 410714
274 479797
275 220305
276 524596
277 171359
278 293730
279 943639
280 844319
281 155111
282 980179
283 166714
284 83278
285 971013
286 236339
287 857584
288 643769
289 96821
290 224364
291 782690
292 259422
293 621130
294 795863
295 171172
296 469823
297 521426
298 848425
299 932666
300 634065
301 751783
302 773199
303 613015
304 544012
305 800156
306 131032
307 332491
308 75286
309 414224
310 432124
311 187352
312 473422
313 115463
314 841265
315 860985
316 781539
318 545217
319 873840
320 370882
321 946025
322 760363
323 749895
324 602524
325 920499
326 216002
327 680128
328 734639
329 205711
330 15370
331 402684
332 909440
333 977971
334 263991
335 322287
336 773293
337 227440
338 512662
339 929603
340 946078
341 860858
342 124968
343 751158
344 156525
345 554680
346 571970
347 419226
348 191665
349 838397
350 292381
351 373489
352 979391
353 592304
354 75172
355 76644
356 996089
357 336960
358 170290
359 880311
360 729680
361 685429
362 595734
363 763995
364 950020
365 443490
366 531498
367 571816
368 848091
369 267942
370 659667
371 908218
372 167073
373 616916
374 101989
375 60994
376 34322
377 722262
378 197120
379 799835
380 729140
381 747282
382 855938
383 844008
384 266301
385 83597
386 913521
387 633641
388 532581
