Dantae
Orson
Adaline
Maksym
Teancum
Corvus
Kaedin
Juana
Karcyn
Khori
Alizza
Keane
Yannah
Jader
Izaak
Hailynn
Aliviyah
Malya
Maricela
Curren
Macario
Avrum
Cerinity
Dre
Nariya
Nameer
Zaul
Concepcion
Emaline
Gennaro
Carina
Neima
Alyda
Nuha
Zuleyma
Jnae
Navie
Gibril
Zo
Kolyn
Byran
Xyleena
Nasr
Stellan
Jolynn
Javar
Selene
Rylin
Blanca
Semaya
Ezar
Asma
Jhalani
Mikael
Jaionna
Aristotle
Isara
Leiloni
Myanna
Dhrithi
Malauni
Zoravar
Amrom
Avaline
Domenic
Nanea
Janae
Zandaya
Hadalyn
Jermain
Alaysia
Benjamyn
Brennex
Enrrique
Kalin
Locryn
Nayah
Prosperity
Azael
Carmani
Chrystopher
Lehani
Mirielle
Sahana
Sawyer
Srinika
Tanay
Timia
Yahya
Calloway
Drew
Drystan
Electra
Kolesyn
Shaylene
Yani
Asim
Buck
Cavani
Gamal
Josniel
Madrid
Zayna
Ames
Anton
Leilamarie
Treyvon
Xamora
Ahmere
Amine
Ares
Daysi
Jamella
Kabir
Kailie
Karlin
Kerrigan
Kyana
Mariem
Matas
Mavric
Messiyah
Mox
Persia
Vrinda
Wendi
Amirrah
Amyna
Arohi
Bach
Barakah
Caleigh
Daiwik
Domenico
Elana
Evian
Frankie
Katelyn
Kedar
Khyzir
Kimari
Kjerstin
Lariya
Laryiah
Liana
Mikaelah
Naz
Ozil
Pascual
Ridley
Seidy
Zavannah
Ashot
Averleigh
Azeneth
Breonna
Dallin
Daxtyn
Eleuterio
Farhat
Gila
Haukea
Jarod
Jayleah
Kamellia
Kimble
Kobin
Magali
Mays
Novamae
Oziel
Ronnie
Virtue
Whitlee
Wilder
Yousuf
Caedyn
Elzie
Jacelynn
Jaleal
Jodi
Kaleth
Khyzer
Maziah
Nasser
Placido
Roshan
Samriddhi
Tayanna
Vander
Yanciel
Zyra
Cadence
Declan
Eilon
Josabet
Miarose
Naama
Rebecca
Bo
