Ruari
Karlyle
Adelene
Gertrude
Kyliegh
Nicolai
Lisbeth
Lehani
Naveyah
Aleiyah
Hazelyn
Thiago
Radwan
Flannery
Avish
Bibiana
Karcyn
Adonias
Kaedin
Akio
Evalee
Benaiah
Kush
Danyelle
Aiyden
Maylin
Lucyna
Saed
Alizza
Dhrithi
Everly
Ilya
Nariya
Shaqir
Scarlettrose
Aalijah
Izora
Mckenize
Alekai
Calloway
Dehlia
Ares
Ivani
Saanya
Selah
Aerilyn
Daisie
Khalique
Mavric
Miqueen
Danna
Daxston
Zaylyn
Kerry
Christyn
Shaylene
Sundus
Cyana
Ronnie
Sariyah
Emeryn
Enrrique
Sway
Bowie
Hassen
Heaven
Makari
Myzel
Yahya
Astro
Elvis
Frankie
Kaleiya
Kamellia
Lavina
Markel
Timothee
Viliami
Gamal
Kalin
Lariya
Latasha
Zurina
Abem
Brithany
Camdon
Daiwik
Delani
Haja
Kendale
Khori
Kobin
Rayli
Darleny
Jersi
Khase
Macie
Shagun
Jibran
Terrel
