Saarth
Nirvik
Whitlee
Neftali
Ihsan
Shanvika
Kjerstin
Saige
Kamilia
Jahfari
Carmani
Dhrithi
Saachi
Semaya
Aceston
Naama
Dagim
Haukea
Eleuterio
Isidoro
Olujimi
Harliee
Ruari
Zoravar
Jamiria
Ekaterina
Evaleen
Shayne
Khyzer
Danthony
Rishan
Adri
Jaylianna
Kaiden
Oziel
Eilon
Enola
Josabet
Merlyn
Teancum
Zavannah
Berklie
Declan
Kana
Shelton
Vin
Caedyn
Jodi
Siloam
Layton
Khysen
Hirving
Jovanni
Kaian
Kenjal
Leiloni
Magali
Roniel
Aailyah
Chrystopher
Eilani
Ivery
Izabela
Lisbeth
Mayar
Rakai
Saxon
Stephania
Tanay
Zehlani
Abem
Amrom
Elizamarie
Emmalisa
Ezinne
Magdalynn
Mesiah
Omolara
Pax
Placido
Raygan
Sylvanas
Wilder
Yousuf
Aristotle
Brodyn
Karcyn
Liana
Marz
Miqueen
Ozil
Shelby
Aalijah
Asma
Mclane
Rion
Zayna
Benaiah
Lucretia
Slone
