Dantae
Orson
Adaline
Maksym
Teancum
Juana
Corvus
Kaedin
Karcyn
Alizza
Yannah
Concepcion
Avrum
Hailynn
Dre
Keane
Jnae
Khori
Maricela
Nuha
Curren
Emaline
Jader
Izaak
Nariya
Zuleyma
Zaul
Aliviyah
Neima
Byran
Ezar
Nameer
Cerinity
Macario
Mikael
Nasr
Prosperity
Aristotle
Dhrithi
Gibril
Isara
Lehani
Malya
Mirielle
Myanna
Zo
Zoravar
Avaline
Zandaya
Ames
Anton
Blanca
Semaya
Treyvon
Xamora
Xyleena
Amine
Ares
Asma
Brennex
Jaionna
Jamella
Jhalani
Karlin
Locryn
Mariem
Nayah
Amirrah
Arohi
Azael
Carina
Chrystopher
Daiwik
Evian
Gennaro
Jolynn
Katelyn
Leiloni
Naz
Ozil
Pascual
Sahana
Stellan
Timia
Yahya
Amrom
Ashot
Averleigh
Azeneth
Calloway
Daxtyn
Domenic
Drew
Gila
Janae
Javar
Kobin
Kolesyn
Selene
Cavani
