Saarth
Nirvik
Whitlee
Neftali
Shanvika
Saige
Ihsan
Kjerstin
Aceston
Semaya
Kamilia
Jahfari
Zoravar
Dagim
Saachi
Carmani
Dhrithi
Ruari
Merlyn
Haukea
Eleuterio
Layton
Kana
Naama
Isidoro
Casen
Lucretia
Olujimi
Jamiria
Jaylianna
Leiloni
Ekaterina
Harliee
Khyzer
Shelton
Vin
Miqueen
Kaydien
Evaleen
Kaiden
Enola
Josabet
Teancum
Declan
Caedyn
Jodi
Aristotle
Betsaida
Rishan
Adri
Hirving
Magali
Oziel
Shayne
Saxon
Chrystopher
Eilani
Zavannah
Danthony
Abem
Berklie
Ozil
Yannah
Marz
Zayna
Dyllon
Benaiah
Khysen
Bowie
Kaian
Roniel
Aailyah
Aerilyn
Eilon
Kaleyah
Kato
Marcellino
Rakai
Stephania
Tanay
Aulora
Elizamarie
Omolara
Raygan
Wilder
Brodyn
Janae
Liana
Siloam
Asma
Daxtyn
Lake
Mclane
Makala
Nicholaus
Aiyanna
Jovanni
Kenjal
Malauni
Mali
Ronnie
Aamani
Camdon
Coreyon
Daisie
Drequan
Hadalyn
Ivery
Izabela
Katelyn
Kingsley
Libbi
Lisbeth
Mavric
Mayar
Mircale
Roqaya
Zehlani
Aleksei
Amrom
Bradford
Caleigh
Caydan
Charlize
Churchill
Emmalisa
Ephraim
Ezinne
Garren
Gwynevere
Harleigh
Kaelen
Kalaiah
Karlyle
Keilyn
Kymbella
Lehlani
Madeleine
Magdalynn
Mesiah
Pax
Phil
Placido
Renezmae
Roselena
Rubyrose
Selene
Sumaira
Sylvanas
Tarah
Yousuf
Aana
Adaley
Carlyn
Hamed
Jamesyn
Karcyn
Lavender
Leul
Librado
Martino
Messiyah
Mox
Noelle
Sariyah
Shelby
Tayton
Yonathan
Zo
Aalijah
Anh
Aubrionna
Avalea
Daysean
Hanief
Ibtihaj
Jnae
Nalah
Rion
Sahana
Seidy
Tully
Akul
Ameen
Derionna
Leilamarie
Lynleigh
Pietra
Seattle
Veralee
Fahed
Horace
Miyah
Slone
Vijay
Zyus
Elvis
Haydar
Reagan
Saahil
