48810
797403
966425
789977
309872
985154
220595
810187
614124
212193
531035
488557
518962
113825
966579
675337
884238
388004
837190
89237
156725
829098
714930
822950
909743
129050
954068
916913
789776
729693
898778
670128
658876
403360
916495
114641
728573
454641
265385
82662
714089
103873
425933
493852
571401
792605
992807
350425
462985
532065
376361
707215
281071
10773
378536
548638
630140
725939
992984
35037
924382
53893
804260
536039
654171
427980
857379
192577
296748
405647
437710
891499
108769
38680
885257
200058
627843
704967
880687
568862
862123
766268
989521
636519
790717
256610
330627
330199
440839
639305
567055
809741
272785
396531
521402
396148
845387
937737
147336
958873
