126277
372809
414594
565462
560480
549478
667348
396971
807412
51064
953544
665158
269637
855632
724805
439180
610097
352970
144610
714782
671752
31361
635242
120596
607228
153987
365362
719320
427636
664103
64173
271094
790486
526495
583707
175743
85840
692461
949032
974337
75138
278346
467642
624031
273635
729485
334404
358321
906133
177579
165637
311895
978482
72416
922259
79889
976286
22476
351342
923961
766006
79963
34769
830141
382730
341555
913083
668488
662551
125135
290094
898554
290614
932456
675691
425871
283179
251248
249341
632920
172587
517104
856926
626586
961107
221808
686751
643212
561290
211054
607038
426584
425361
817433
721456
424650
936492
478137
229222
728335
