455512
949985
172153
877453
153669
838858
978659
990759
120771
846330
566712
592317
38150
183396
171148
24190
127579
364327
532412
81740
887534
265560
42349
686169
660630
667007
262907
118735
297917
148531
69284
735396
122216
36287
848300
881419
489987
525699
691860
979211
36070
13847
780932
208986
693711
318418
674983
756292
349793
542527
552063
298832
637975
253544
649635
683834
734495
521161
874528
71179
278020
557751
495709
211842
589380
150052
977693
264194
10160
380453
230469
752645
987168
81079
311126
738410
151693
329585
886870
700170
170762
360743
110252
739269
669964
151062
507630
363348
110457
831681
649269
272290
702988
142629
487928
50546
991170
460155
448146
862036
960434
750832
381686
12589
972654
246798
197992
41211
158256
281402
374157
53924
316421
7498
692874
654356
301570
617758
636466
579046
965178
443068
156101
878963
181702
677301
865374
546856
638689
241242
817519
769133
717405
316230
880109
350628
369848
204317
523436
917169
234597
665060
709627
566397
959550
872337
882578
309591
412470
751401
841461
497093
915082
989961
384828
5044
151116
24139
316116
643000
62284
815948
667271
48496
739022
475701
676038
237593
337607
244962
588190
520553
277173
782376
943933
815683
801225
484386
294504
987244
674711
235523
307860
441859
314704
265956
248927
853414
871745
991035
372901
611819
50078
206842
370165
439879
658312
793296
970936
37107
424282
455076
258468
460196
533040
97339
863740
442578
548631
525501
582355
271776
409720
324026
764055
843253
300392
907142
628606
403325
976243
285743
168048
117704
922306
39743
547993
822559
980800
241778
376643
618212
216203
988848
574435
568486
491140
229219
340055
830110
384689
547567
779890
664284
300805
293156
379048
676065
13641
188107
387976
655335
698008
326062
392440
216982
310186
792142
498991
425428
599379
180126
111686
31318
572732
805855
717814
33940
206634
315118
913192
270297
651432
121424
610185
851266
79405
157268
534373
582267
354430
969788
543979
966473
144737
935955
15090
682049
440151
670907
332406
498748
280635
785637
257662
272309
274698
570890
838923
81923
864987
392685
747865
197096
682087
594451
560596
768124
211123
913222
54206
267107
835904
699990
448111
778175
266042
604691
755393
366363
659847
103387
276133
851973
984696
443530
74730
379485
506525
862158
71056
396075
438309
656055
30729
96964
38041
742737
73900
415468
770914
543385
62494
112574
619470
920664
539163
235561
291750
893414
438476
937586
999190
111753
696627
183302
204664
225249
616692
369823
178933
384635
959831
197400
26573
573845
802505
254962
138474
631347
318276
126802
996759
825740
250903
382256
508032
42389
413607
262019
955052
726037
686286
787049
773141
99500
595425
124663
79357
787026
437423
66287
512820
383732
35722
137378
495426
953005
876613
510190
346369
287539
395735
969911
693550
741737
311854
412867
469812
575673
190528
629341
342191
278468
494923
50356
324702
83163
304974
536327
235624
384036
847784
636434
149380
471307
156643
833486
553726
740624
977071
556355
632063
103360
985918
438477
943314
684695
422510
226562
395535
533651
115122
161863
127102
384996
506182
249736
963450
160497
355400
774126
465650
879484
195338
332849
866978
95241
650239
482422
371181
883505
931529
61582
900845
808198
956095
608126
196989
359417
691787
69172
645044
195545
997544
636123
473220
899042
635831
476879
530688
676083
696317
923408
969607
557905
394720
951743
79794
947068
128039
186407
999544
790683
42158
45621
705481
292948
490813
88707
