143860
623641
990997
843764
946144
694124
764769
147113
480049
743439
835001
952950
629510
452160
919300
722547
801057
607663
151947
140086
286246
885598
424598
866940
135066
627146
857675
481901
796206
957744
770500
104880
926402
287951
917497
406949
511871
70784
738662
935279
618225
754956
129153
328509
292702
334272
471787
244454
414447
695039
815076
830711
283981
912035
298316
965860
893788
41448
938734
310699
419376
786402
568010
741116
443940
85576
619274
953429
635735
936150
715470
711248
484239
729022
825904
122966
19089
394263
769563
725100
38149
830487
846784
152941
949910
320778
523313
730103
383318
774055
24319
674972
348742
841609
575835
671328
460691
314441
939466
193097
731507
633300
118249
177862
176089
587665
805642
15705
126208
688402
354774
100742
150650
91248
682872
31533
289289
453190
542246
270981
390312
918137
217666
398843
697001
470544
862182
361352
955300
56465
123871
407364
892505
14077
865334
232328
52321
877600
121622
6280
30491
466272
362859
590827
910480
382000
58027
574036
991394
183799
633544
738213
553239
349336
53023
166272
782100
345669
646678
398552
711031
111276
541197
631905
158084
652052
575575
924730
337142
218238
101620
116597
65670
727785
466196
916343
572713
135186
410190
131822
799093
676324
269522
41167
331490
590934
524152
619762
336561
89379
813935
925134
103446
650383
341995
157794
702908
727052
191037
697273
933984
34587
230505
892271
470814
550230
13156
663618
277991
790534
325549
704516
224272
550410
319448
119614
813409
313539
193901
830248
510751
457129
33238
58703
820942
65657
312235
266424
671376
930772
874575
937386
139556
969549
642933
841162
282969
80136
484687
773510
272348
461212
759795
104750
450309
728777
912549
272766
416094
600674
694328
354784
722073
185048
149050
281945
901643
229135
713168
52222
851384
161186
544754
581097
772376
23197
696875
513696
892576
208479
212265
921719
326996
315786
540066
69086
92235
760806
889770
299717
732920
14652
649557
44328
170543
506162
89945
836125
841681
770416
508343
475497
559836
107942
578457
690991
35868
588890
955083
104542
317716
411757
565457
751760
441566
547370
185767
118799
303482
588960
415172
853098
170391
118016
523892
317392
655307
300907
214997
826361
950642
32074
731630
638554
615932
134486
997337
571067
649713
429730
265183
169273
678697
493431
242239
49830
16955
752501
413794
427473
827481
262626
943873
854153
64358
692748
829207
993066
133574
306195
60779
91095
369818
837698
148437
60161
559895
857296
439369
513954
763690
380622
75121
169126
844539
87320
785561
503139
791751
929935
467547
129301
269865
348207
975267
657993
950630
293199
192644
706825
48459
793429
269632
713623
318087
842169
237143
949041
523467
48012
620912
338396
736729
265812
293957
107711
629132
711553
101709
589756
906009
961459
867804
264867
361282
291216
125606
973785
591193
424885
173702
844871
83709
525839
866130
679048
943174
503317
25012
54459
5288
378333
595036
513473
36056
487611
580942
360371
898031
159305
933987
634898
585629
622688
787958
706845
395503
471841
531331
789666
145149
82435
131626
756981
420345
476058
295175
11976
772976
578144
411431
547583
510326
873450
661229
601207
690088
993160
762839
781507
317413
247101
141203
194624
456130
315416
839992
230686
665265
861448
204900
386872
759072
69049
454235
509525
697941
468284
553581
486606
669289
370579
579544
692842
59617
69358
819554
865732
261105
40917
515149
326127
86750
509148
347424
264694
583012
284679
361938
721016
